Copyright 1986-2022 Xilinx, Inc. All Rights Reserved. Copyright 2022-2026 Advanced Micro Devices, Inc. All Rights Reserved.
---------------------------------------------------------------------------------------------------------------------------------------------
| Tool Version : Vivado v.2025.2.1 (win64) Build 6403652 Thu Mar 19 19:48:24 GMT 2026
| Date         : Sun Apr 19 02:17:12 2026
| Host         : Andres running 64-bit major release  (build 9200)
| Command      : report_drc -file spi_com_wrapper_drc_routed.rpt -pb spi_com_wrapper_drc_routed.pb -rpx spi_com_wrapper_drc_routed.rpx
| Design       : spi_com_wrapper
| Device       : xc7z020clg400-1
| Speed File   : -1
| Design State : Fully Routed
---------------------------------------------------------------------------------------------------------------------------------------------

Report DRC

Table of Contents
-----------------
1. REPORT SUMMARY
2. REPORT DETAILS

1. REPORT SUMMARY
-----------------
            Netlist: netlist
          Floorplan: design_1
      Design limits: <entire design considered>
           Ruledeck: default
             Max checks: <unlimited>
             Checks found: 0
+------+----------+-------------+--------+
| Rule | Severity | Description | Checks |
+------+----------+-------------+--------+
+------+----------+-------------+--------+

2. REPORT DETAILS
-----------------

