Copyright 1986-2022 Xilinx, Inc. All Rights Reserved. Copyright 2022-2026 Advanced Micro Devices, Inc. All Rights Reserved.
---------------------------------------------------------------------------------------------------------------------------------------------------------------------------------------------------------------------------------------------------------
| Tool Version : Vivado v.2025.2.1 (win64) Build 6403652 Thu Mar 19 19:48:24 GMT 2026
| Date         : Sun Apr 19 02:17:13 2026
| Host         : Andres running 64-bit major release  (build 9200)
| Command      : report_timing_summary -max_paths 10 -routable_nets -report_unconstrained -file spi_com_wrapper_timing_summary_routed.rpt -pb spi_com_wrapper_timing_summary_routed.pb -rpx spi_com_wrapper_timing_summary_routed.rpx -warn_on_violation
| Design       : spi_com_wrapper
| Device       : 7z020-clg400
| Speed File   : -1  PRODUCTION 1.12 2019-11-22
| Design State : Routed
---------------------------------------------------------------------------------------------------------------------------------------------------------------------------------------------------------------------------------------------------------

Timing Summary Report

------------------------------------------------------------------------------------------------
| Timer Settings
| --------------
------------------------------------------------------------------------------------------------

  Enable Multi Corner Analysis               :  Yes
  Enable Pessimism Removal                   :  Yes
  Pessimism Removal Resolution               :  Nearest Common Node
  Enable Input Delay Default Clock           :  No
  Enable Preset / Clear Arcs                 :  No
  Disable Flight Delays                      :  No
  Ignore I/O Paths                           :  No
  Timing Early Launch at Borrowing Latches   :  No
  Borrow Time for Max Delay Exceptions       :  Yes
  Merge Timing Exceptions                    :  Yes
  Inter-SLR Compensation                     :  Conservative

  Corner  Analyze    Analyze    
  Name    Max Paths  Min Paths  
  ------  ---------  ---------  
  Slow    Yes        Yes        
  Fast    Yes        Yes        


------------------------------------------------------------------------------------------------
| Report Methodology
| ------------------
------------------------------------------------------------------------------------------------

No report available as report_methodology has not been run prior. Run report_methodology on the current design for the summary of methodology violations.



check_timing report

Table of Contents
-----------------
1. checking no_clock (0)
2. checking constant_clock (0)
3. checking pulse_width_clock (0)
4. checking unconstrained_internal_endpoints (0)
5. checking no_input_delay (0)
6. checking no_output_delay (0)
7. checking multiple_clock (0)
8. checking generated_clocks (0)
9. checking loops (0)
10. checking partial_input_delay (0)
11. checking partial_output_delay (0)
12. checking latch_loops (0)

1. checking no_clock (0)
------------------------
 There are 0 register/latch pins with no clock.


2. checking constant_clock (0)
------------------------------
 There are 0 register/latch pins with constant_clock.


3. checking pulse_width_clock (0)
---------------------------------
 There are 0 register/latch pins which need pulse_width check


4. checking unconstrained_internal_endpoints (0)
------------------------------------------------
 There are 0 pins that are not constrained for maximum delay.

 There are 0 pins that are not constrained for maximum delay due to constant clock.


5. checking no_input_delay (0)
------------------------------
 There are 0 input ports with no input delay specified.

 There are 0 input ports with no input delay but user has a false path constraint.


6. checking no_output_delay (0)
-------------------------------
 There are 0 ports with no output delay specified.

 There are 0 ports with no output delay but user has a false path constraint

 There are 0 ports with no output delay but with a timing clock defined on it or propagating through it


7. checking multiple_clock (0)
------------------------------
 There are 0 register/latch pins with multiple clocks.


8. checking generated_clocks (0)
--------------------------------
 There are 0 generated clocks that are not connected to a clock source.


9. checking loops (0)
---------------------
 There are 0 combinational loops in the design.


10. checking partial_input_delay (0)
------------------------------------
 There are 0 input ports with partial input delay specified.


11. checking partial_output_delay (0)
-------------------------------------
 There are 0 ports with partial output delay specified.


12. checking latch_loops (0)
----------------------------
 There are 0 combinational latch loops in the design through latch input



------------------------------------------------------------------------------------------------
| Design Timing Summary
| ---------------------
------------------------------------------------------------------------------------------------

    WNS(ns)      TNS(ns)  TNS Failing Endpoints  TNS Total Endpoints      WHS(ns)      THS(ns)  THS Failing Endpoints  THS Total Endpoints     WPWS(ns)     TPWS(ns)  TPWS Failing Endpoints  TPWS Total Endpoints  
    -------      -------  ---------------------  -------------------      -------      -------  ---------------------  -------------------     --------     --------  ----------------------  --------------------  
        inf        0.000                      0                    5          inf        0.000                      0                    5       17.845        0.000                       0                     1  


All user specified timing constraints are met.


------------------------------------------------------------------------------------------------
| Clock Summary
| -------------
------------------------------------------------------------------------------------------------

Clock       Waveform(ns)       Period(ns)      Frequency(MHz)
-----       ------------       ----------      --------------
clk_fpga_0  {0.000 10.000}     20.000          50.000          


------------------------------------------------------------------------------------------------
| Intra Clock Table
| -----------------
------------------------------------------------------------------------------------------------

Clock             WNS(ns)      TNS(ns)  TNS Failing Endpoints  TNS Total Endpoints      WHS(ns)      THS(ns)  THS Failing Endpoints  THS Total Endpoints     WPWS(ns)     TPWS(ns)  TPWS Failing Endpoints  TPWS Total Endpoints  
-----             -------      -------  ---------------------  -------------------      -------      -------  ---------------------  -------------------     --------     --------  ----------------------  --------------------  
clk_fpga_0                                                                                                                                                     17.845        0.000                       0                     1  


------------------------------------------------------------------------------------------------
| Inter Clock Table
| -----------------
------------------------------------------------------------------------------------------------

From Clock    To Clock          WNS(ns)      TNS(ns)  TNS Failing Endpoints  TNS Total Endpoints      WHS(ns)      THS(ns)  THS Failing Endpoints  THS Total Endpoints  
----------    --------          -------      -------  ---------------------  -------------------      -------      -------  ---------------------  -------------------  


------------------------------------------------------------------------------------------------
| Other Path Groups Table
| -----------------------
------------------------------------------------------------------------------------------------

Path Group    From Clock    To Clock          WNS(ns)      TNS(ns)  TNS Failing Endpoints  TNS Total Endpoints      WHS(ns)      THS(ns)  THS Failing Endpoints  THS Total Endpoints  
----------    ----------    --------          -------      -------  ---------------------  -------------------      -------      -------  ---------------------  -------------------  


------------------------------------------------------------------------------------------------
| User Ignored Path Table
| -----------------------
------------------------------------------------------------------------------------------------

Path Group    From Clock    To Clock    
----------    ----------    --------    


------------------------------------------------------------------------------------------------
| Unconstrained Path Table
| ------------------------
------------------------------------------------------------------------------------------------

Path Group    From Clock    To Clock    
----------    ----------    --------    
(none)                                    


------------------------------------------------------------------------------------------------
| Timing Details
| --------------
------------------------------------------------------------------------------------------------


---------------------------------------------------------------------------------------------------
From Clock:  clk_fpga_0
  To Clock:  clk_fpga_0

Setup :           NA  Failing Endpoints,  Worst Slack           NA  ,  Total Violation           NA
Hold  :           NA  Failing Endpoints,  Worst Slack           NA  ,  Total Violation           NA
PW    :            0  Failing Endpoints,  Worst Slack       17.845ns,  Total Violation        0.000ns
---------------------------------------------------------------------------------------------------


Pulse Width Checks
--------------------------------------------------------------------------------------
Clock Name:         clk_fpga_0
Waveform(ns):       { 0.000 10.000 }
Period(ns):         20.000
Sources:            { spi_com_i/processing_system7_0/inst/PS7_i/FCLKCLK[0] }

Check Type  Corner  Lib Pin  Reference Pin  Required(ns)  Actual(ns)  Slack(ns)  Location        Pin
Min Period  n/a     BUFG/I   n/a            2.155         20.000      17.845     BUFGCTRL_X0Y16  spi_com_i/processing_system7_0/inst/buffer_fclk_clk_0.FCLK_CLK_0_BUFG/I



--------------------------------------------------------------------------------------
Path Group:  (none)
From Clock:  
  To Clock:  

Max Delay             5 Endpoints
Min Delay             5 Endpoints
--------------------------------------------------------------------------------------


Max Delay Paths
--------------------------------------------------------------------------------------
Slack:                    inf
  Source:                 master_cs
                            (input port)
  Destination:            debug_led
                            (output port)
  Path Group:             (none)
  Path Type:              Max at Slow Process Corner
  Data Path Delay:        8.819ns  (logic 5.283ns (59.907%)  route 3.536ns (40.093%))
  Logic Levels:           3  (IBUF=1 LUT1=1 OBUF=1)

    Location             Delay type                Incr(ns)  Path(ns)    Netlist Resource(s)
  -------------------------------------------------------------------    -------------------
    V15                                               0.000     0.000 f  master_cs (IN)
                         net (fo=0)                   0.000     0.000    master_cs
    V15                  IBUF (Prop_ibuf_I_O)         1.578     1.578 f  master_cs_IBUF_inst/O
                         net (fo=2, routed)           1.478     3.056    spi_com_i/spi_logic_0/master_cs
    SLICE_X113Y94        LUT1 (Prop_lut1_I0_O)        0.124     3.180 r  spi_com_i/spi_logic_0/debug_led_INST_0/O
                         net (fo=1, routed)           2.058     5.238    debug_led_OBUF
    M14                  OBUF (Prop_obuf_I_O)         3.581     8.819 r  debug_led_OBUF_inst/O
                         net (fo=0)                   0.000     8.819    debug_led
    M14                                                               r  debug_led (OUT)
  -------------------------------------------------------------------    -------------------

Slack:                    inf
  Source:                 master_cs
                            (input port)
  Destination:            slave_cs
                            (output port)
  Path Group:             (none)
  Path Type:              Max at Slow Process Corner
  Data Path Delay:        7.374ns  (logic 5.161ns (69.994%)  route 2.213ns (30.006%))
  Logic Levels:           2  (IBUF=1 OBUF=1)

    Location             Delay type                Incr(ns)  Path(ns)    Netlist Resource(s)
  -------------------------------------------------------------------    -------------------
    V15                                               0.000     0.000 r  master_cs (IN)
                         net (fo=0)                   0.000     0.000    master_cs
    V15                  IBUF (Prop_ibuf_I_O)         1.578     1.578 r  master_cs_IBUF_inst/O
                         net (fo=2, routed)           2.213     3.791    slave_cs_OBUF
    T14                  OBUF (Prop_obuf_I_O)         3.583     7.374 r  slave_cs_OBUF_inst/O
                         net (fo=0)                   0.000     7.374    slave_cs
    T14                                                               r  slave_cs (OUT)
  -------------------------------------------------------------------    -------------------

Slack:                    inf
  Source:                 master_mosi
                            (input port)
  Destination:            slave_mosi
                            (output port)
  Path Group:             (none)
  Path Type:              Max at Slow Process Corner
  Data Path Delay:        7.357ns  (logic 5.157ns (70.096%)  route 2.200ns (29.904%))
  Logic Levels:           2  (IBUF=1 OBUF=1)

    Location             Delay type                Incr(ns)  Path(ns)    Netlist Resource(s)
  -------------------------------------------------------------------    -------------------
    W15                                               0.000     0.000 r  master_mosi (IN)
                         net (fo=0)                   0.000     0.000    master_mosi
    W15                  IBUF (Prop_ibuf_I_O)         1.579     1.579 r  master_mosi_IBUF_inst/O
                         net (fo=1, routed)           2.200     3.779    slave_mosi_OBUF
    T15                  OBUF (Prop_obuf_I_O)         3.578     7.357 r  slave_mosi_OBUF_inst/O
                         net (fo=0)                   0.000     7.357    slave_mosi
    T15                                                               r  slave_mosi (OUT)
  -------------------------------------------------------------------    -------------------

Slack:                    inf
  Source:                 slave_miso
                            (input port)
  Destination:            master_miso
                            (output port)
  Path Group:             (none)
  Path Type:              Max at Slow Process Corner
  Data Path Delay:        7.307ns  (logic 5.107ns (69.891%)  route 2.200ns (30.109%))
  Logic Levels:           2  (IBUF=1 OBUF=1)

    Location             Delay type                Incr(ns)  Path(ns)    Netlist Resource(s)
  -------------------------------------------------------------------    -------------------
    P14                                               0.000     0.000 r  slave_miso (IN)
                         net (fo=0)                   0.000     0.000    slave_miso
    P14                  IBUF (Prop_ibuf_I_O)         1.503     1.503 r  slave_miso_IBUF_inst/O
                         net (fo=1, routed)           2.200     3.703    master_miso_OBUF
    T11                  OBUF (Prop_obuf_I_O)         3.605     7.307 r  master_miso_OBUF_inst/O
                         net (fo=0)                   0.000     7.307    master_miso
    T11                                                               r  master_miso (OUT)
  -------------------------------------------------------------------    -------------------

Slack:                    inf
  Source:                 master_sclk
                            (input port)
  Destination:            slave_sclk
                            (output port)
  Path Group:             (none)
  Path Type:              Max at Slow Process Corner
  Data Path Delay:        7.262ns  (logic 5.073ns (69.855%)  route 2.189ns (30.145%))
  Logic Levels:           2  (IBUF=1 OBUF=1)

    Location             Delay type                Incr(ns)  Path(ns)    Netlist Resource(s)
  -------------------------------------------------------------------    -------------------
    T10                                               0.000     0.000 r  master_sclk (IN)
                         net (fo=0)                   0.000     0.000    master_sclk
    T10                  IBUF (Prop_ibuf_I_O)         1.543     1.543 r  master_sclk_IBUF_inst/O
                         net (fo=1, routed)           2.189     3.732    slave_sclk_OBUF
    R14                  OBUF (Prop_obuf_I_O)         3.530     7.262 r  slave_sclk_OBUF_inst/O
                         net (fo=0)                   0.000     7.262    slave_sclk
    R14                                                               r  slave_sclk (OUT)
  -------------------------------------------------------------------    -------------------





Min Delay Paths
--------------------------------------------------------------------------------------
Slack:                    inf
  Source:                 master_sclk
                            (input port)
  Destination:            slave_sclk
                            (output port)
  Path Group:             (none)
  Path Type:              Min at Fast Process Corner
  Data Path Delay:        2.016ns  (logic 1.541ns (76.434%)  route 0.475ns (23.566%))
  Logic Levels:           2  (IBUF=1 OBUF=1)

    Location             Delay type                Incr(ns)  Path(ns)    Netlist Resource(s)
  -------------------------------------------------------------------    -------------------
    T10                                               0.000     0.000 r  master_sclk (IN)
                         net (fo=0)                   0.000     0.000    master_sclk
    T10                  IBUF (Prop_ibuf_I_O)         0.310     0.310 r  master_sclk_IBUF_inst/O
                         net (fo=1, routed)           0.475     0.786    slave_sclk_OBUF
    R14                  OBUF (Prop_obuf_I_O)         1.231     2.016 r  slave_sclk_OBUF_inst/O
                         net (fo=0)                   0.000     2.016    slave_sclk
    R14                                                               r  slave_sclk (OUT)
  -------------------------------------------------------------------    -------------------

Slack:                    inf
  Source:                 slave_miso
                            (input port)
  Destination:            master_miso
                            (output port)
  Path Group:             (none)
  Path Type:              Min at Fast Process Corner
  Data Path Delay:        2.066ns  (logic 1.575ns (76.228%)  route 0.491ns (23.772%))
  Logic Levels:           2  (IBUF=1 OBUF=1)

    Location             Delay type                Incr(ns)  Path(ns)    Netlist Resource(s)
  -------------------------------------------------------------------    -------------------
    P14                                               0.000     0.000 r  slave_miso (IN)
                         net (fo=0)                   0.000     0.000    slave_miso
    P14                  IBUF (Prop_ibuf_I_O)         0.270     0.270 r  slave_miso_IBUF_inst/O
                         net (fo=1, routed)           0.491     0.761    master_miso_OBUF
    T11                  OBUF (Prop_obuf_I_O)         1.305     2.066 r  master_miso_OBUF_inst/O
                         net (fo=0)                   0.000     2.066    master_miso
    T11                                                               r  master_miso (OUT)
  -------------------------------------------------------------------    -------------------

Slack:                    inf
  Source:                 master_mosi
                            (input port)
  Destination:            slave_mosi
                            (output port)
  Path Group:             (none)
  Path Type:              Min at Fast Process Corner
  Data Path Delay:        2.116ns  (logic 1.624ns (76.785%)  route 0.491ns (23.215%))
  Logic Levels:           2  (IBUF=1 OBUF=1)

    Location             Delay type                Incr(ns)  Path(ns)    Netlist Resource(s)
  -------------------------------------------------------------------    -------------------
    W15                                               0.000     0.000 r  master_mosi (IN)
                         net (fo=0)                   0.000     0.000    master_mosi
    W15                  IBUF (Prop_ibuf_I_O)         0.346     0.346 r  master_mosi_IBUF_inst/O
                         net (fo=1, routed)           0.491     0.837    slave_mosi_OBUF
    T15                  OBUF (Prop_obuf_I_O)         1.279     2.116 r  slave_mosi_OBUF_inst/O
                         net (fo=0)                   0.000     2.116    slave_mosi
    T15                                                               r  slave_mosi (OUT)
  -------------------------------------------------------------------    -------------------

Slack:                    inf
  Source:                 master_cs
                            (input port)
  Destination:            slave_cs
                            (output port)
  Path Group:             (none)
  Path Type:              Min at Fast Process Corner
  Data Path Delay:        2.132ns  (logic 1.629ns (76.380%)  route 0.504ns (23.620%))
  Logic Levels:           2  (IBUF=1 OBUF=1)

    Location             Delay type                Incr(ns)  Path(ns)    Netlist Resource(s)
  -------------------------------------------------------------------    -------------------
    V15                                               0.000     0.000 r  master_cs (IN)
                         net (fo=0)                   0.000     0.000    master_cs
    V15                  IBUF (Prop_ibuf_I_O)         0.345     0.345 r  master_cs_IBUF_inst/O
                         net (fo=2, routed)           0.504     0.849    slave_cs_OBUF
    T14                  OBUF (Prop_obuf_I_O)         1.284     2.132 r  slave_cs_OBUF_inst/O
                         net (fo=0)                   0.000     2.132    slave_cs
    T14                                                               r  slave_cs (OUT)
  -------------------------------------------------------------------    -------------------

Slack:                    inf
  Source:                 master_cs
                            (input port)
  Destination:            debug_led
                            (output port)
  Path Group:             (none)
  Path Type:              Min at Fast Process Corner
  Data Path Delay:        2.789ns  (logic 1.671ns (59.925%)  route 1.118ns (40.075%))
  Logic Levels:           3  (IBUF=1 LUT1=1 OBUF=1)

    Location             Delay type                Incr(ns)  Path(ns)    Netlist Resource(s)
  -------------------------------------------------------------------    -------------------
    V15                                               0.000     0.000 f  master_cs (IN)
                         net (fo=0)                   0.000     0.000    master_cs
    V15                  IBUF (Prop_ibuf_I_O)         0.345     0.345 f  master_cs_IBUF_inst/O
                         net (fo=2, routed)           0.620     0.965    spi_com_i/spi_logic_0/master_cs
    SLICE_X113Y94        LUT1 (Prop_lut1_I0_O)        0.045     1.010 r  spi_com_i/spi_logic_0/debug_led_INST_0/O
                         net (fo=1, routed)           0.498     1.508    debug_led_OBUF
    M14                  OBUF (Prop_obuf_I_O)         1.281     2.789 r  debug_led_OBUF_inst/O
                         net (fo=0)                   0.000     2.789    debug_led
    M14                                                               r  debug_led (OUT)
  -------------------------------------------------------------------    -------------------





